{
  "0 debug pnpm:scope": {
    "selected": 1
  },
  "1 error pnpm": {
    "errno": 1,
    "code": "ELIFECYCLE",
    "pkgid": "handwriting@1.0.0",
    "stage": "test",
    "script": "echo \"Error: no test specified\" && exit 1",
    "pkgname": "handwriting",
    "err": {
      "name": "pnpm",
      "message": "handwriting@1.0.0 test: `echo \"Error: no test specified\" && exit 1`\nExit status 1",
      "code": "ELIFECYCLE",
      "stack": "pnpm: handwriting@1.0.0 test: `echo \"Error: no test specified\" && exit 1`\nExit status 1\n    at EventEmitter.<anonymous> (/Users/xyguo12395/.nvm/versions/node/v14.17.2/lib/node_modules/pnpm/dist/pnpm.cjs:103853:20)\n    at EventEmitter.emit (events.js:375:28)\n    at ChildProcess.<anonymous> (/Users/xyguo12395/.nvm/versions/node/v14.17.2/lib/node_modules/pnpm/dist/pnpm.cjs:91782:18)\n    at ChildProcess.emit (events.js:375:28)\n    at maybeClose (internal/child_process.js:1055:16)\n    at Process.ChildProcess._handle.onexit (internal/child_process.js:288:5)"
    }
  },
  "2 warn pnpm:global": " Local package.json exists, but node_modules missing, did you mean to install?"
}